<?xml version="1.0" encoding="UTF-8"?>
<!-- Generated by org.testng.reporters.JUnitReportReporter -->
<testsuite hostname="LAPTOP-1HRT3K5S" name="testNGpackage.SmokeTests" tests="3" failures="0" timestamp="25 Jan 2020 18:36:50 GMT" time="78.246" errors="0">
  <testcase name="verifyPageTitle" time="0.017" classname="testNGpackage.SmokeTests"/>
  <testcase name="loginOnUat" time="9.134" classname="testNGpackage.SmokeTests"/>
  <testcase name="setUpBrowser" time="69.095" classname="testNGpackage.SmokeTests"/>
</testsuite> <!-- testNGpackage.SmokeTests -->
